[0.009s] Invoking command in '/home/ubuntu/AGV_ws/build/robot_description': /usr/bin/cmake --build /home/ubuntu/AGV_ws/build/robot_description -- -j8 -l8
[0.029s] -- Found ament_cmake: 1.3.11 (/opt/ros/humble/share/ament_cmake/cmake)
[0.151s] -- Found ament_lint_auto: 0.12.11 (/opt/ros/humble/share/ament_lint_auto/cmake)
[0.199s] Error parsing '/home/ubuntu/AGV_ws/src/robot_description/package.xml':
[0.244s] Traceback (most recent call last):
[0.245s]   File "/usr/lib/python3/dist-packages/catkin_pkg/package.py", line 610, in parse_package_string
[0.245s]     root = dom.parseString(data)
[0.245s]   File "/usr/lib/python3.10/xml/dom/minidom.py", line 2000, in parseString
[0.245s]     return expatbuilder.parseString(string)
[0.245s]   File "/usr/lib/python3.10/xml/dom/expatbuilder.py", line 925, in parseString
[0.246s]     return builder.parseString(string)
[0.246s]   File "/usr/lib/python3.10/xml/dom/expatbuilder.py", line 223, in parseString
[0.246s]     parser.Parse(string, True)
[0.246s] xml.parsers.expat.ExpatError: XML or text declaration not at start of entity: line 27, column 0
[0.246s] 
[0.246s] During handling of the above exception, another exception occurred:
[0.246s] 
[0.246s] Traceback (most recent call last):
[0.246s]   File "/opt/ros/humble/share/ament_cmake_core/cmake/core/package_xml_2_cmake.py", line 150, in <module>
[0.246s]     main()
[0.246s]   File "/opt/ros/humble/share/ament_cmake_core/cmake/core/package_xml_2_cmake.py", line 53, in main
[0.247s]     raise e
[0.247s]   File "/opt/ros/humble/share/ament_cmake_core/cmake/core/package_xml_2_cmake.py", line 49, in main
[0.247s]     package = parse_package_string(
[0.247s]   File "/usr/lib/python3/dist-packages/catkin_pkg/package.py", line 612, in parse_package_string
[0.247s]     raise InvalidPackage('The manifest contains invalid XML:\n%s' % ex, filename)
[0.247s] catkin_pkg.package.InvalidPackage: Error(s) in package '/home/ubuntu/AGV_ws/src/robot_description/package.xml':
[0.247s] The manifest contains invalid XML:
[0.247s] XML or text declaration not at start of entity: line 27, column 0
[0.276s] [31mCMake Error at /opt/ros/humble/share/ament_cmake_core/cmake/core/ament_package_xml.cmake:95 (message):
[0.276s]   execute_process(/usr/bin/python3
[0.277s]   /opt/ros/humble/share/ament_cmake_core/cmake/core/package_xml_2_cmake.py
[0.277s]   /home/ubuntu/AGV_ws/src/robot_description/package.xml
[0.277s]   /home/ubuntu/AGV_ws/build/robot_description/ament_cmake_core/package.cmake)
[0.277s]   returned error code 1
[0.277s] Call Stack (most recent call first):
[0.277s]   /opt/ros/humble/share/ament_cmake_core/cmake/core/ament_package_xml.cmake:49 (_ament_package_xml)
[0.277s]   /opt/ros/humble/share/ament_lint_auto/cmake/ament_lint_auto_find_test_dependencies.cmake:31 (ament_package_xml)
[0.278s]   CMakeLists.txt:36 (ament_lint_auto_find_test_dependencies)
[0.278s] 
[0.278s] [0m
[0.278s] -- Configuring incomplete, errors occurred!
[0.278s] See also "/home/ubuntu/AGV_ws/build/robot_description/CMakeFiles/CMakeOutput.log".
[0.280s] gmake: *** [Makefile:226: cmake_check_build_system] Error 1
[0.282s] Invoked command in '/home/ubuntu/AGV_ws/build/robot_description' returned '2': /usr/bin/cmake --build /home/ubuntu/AGV_ws/build/robot_description -- -j8 -l8
